<?xml version="1.0" encoding="UTF-8"?>
<testsuite xmlns:xsi="http://www.w3.org/2001/XMLSchema-instance" xsi:noNamespaceSchemaLocation="https://maven.apache.org/surefire/maven-surefire-plugin/xsd/surefire-test-report-3.0.xsd" version="3.0" name="com.skasetty.sfg_di.SfgDiApplicationTests" time="1.024" tests="1" errors="0" skipped="0" failures="0">
  <properties>
[...]
</properties>
  <testcase name="contextLoads" classname="com.skasetty.sfg_di.SfgDiApplicationTests" time="0.457">
    <system-out><![CDATA[19:20:40.059 [main] INFO org.springframework.test.context.support.AnnotationConfigContextLoaderUtils -- Could not detect default configuration classes for test class [com.skasetty.sfg_di.SfgDiApplicationTests]: SfgDiApplicationTests does not declare any static, non-private, non-final, nested classes annotated with @Configuration.
19:20:40.106 [main] INFO org.springframework.boot.test.context.SpringBootTestContextBootstrapper -- Found @SpringBootConfiguration com.skasetty.sfg_di.SfgDiApplication for test class com.skasetty.sfg_di.SfgDiApplicationTests

  .   ____          _            __ _ _
 /\\ / ___'_ __ _ _(_)_ __  __ _ \ \ \ \
( ( )\___ | '_ | '_| | '_ \/ _` | \ \ \ \
 \\/  ___)| |_)| | | | | || (_| |  ) ) ) )
  '  |____| .__|_| |_|_| |_\__, | / / / /
 =========|_|==============|___/=/_/_/_/

 :: Spring Boot ::                (v3.3.2)

2024-07-18T19:20:40.277-05:00  INFO 19726 --- [sfg-di] [           main] c.skasetty.sfg_di.SfgDiApplicationTests  : Starting SfgDiApplicationTests using Java 17.0.10 with PID 19726 (started by shreyasskasetty in /Users/shreyasskasetty/Desktop/github_projects/spring_course/sfg-di)
2024-07-18T19:20:40.278-05:00  INFO 19726 --- [sfg-di] [           main] c.skasetty.sfg_di.SfgDiApplicationTests  : No active profile set, falling back to 1 default profile: "default"
2024-07-18T19:20:40.526-05:00  INFO 19726 --- [sfg-di] [           main] c.skasetty.sfg_di.SfgDiApplicationTests  : Started SfgDiApplicationTests in 0.365 seconds (process running for 0.841)
]]></system-out>
  </testcase>
</testsuite>